<?xml version="1.0" encoding="UTF-8"?>
<testsuite xmlns:xsi="http://www.w3.org/2001/XMLSchema-instance" xsi:noNamespaceSchemaLocation="https://maven.apache.org/surefire/maven-surefire-plugin/xsd/surefire-test-report.xsd" name="rhsso.authenticator.challenge.AuthCodeChallengeTest" time="0.043" tests="7" errors="0" skipped="0" failures="0">
  <properties>
[...]
</properties>
  <testcase name="isNotValidChallenge" classname="rhsso.authenticator.challenge.AuthCodeChallengeTest" time="0.004"/>
  <testcase name="isValidChallenge" classname="rhsso.authenticator.challenge.AuthCodeChallengeTest" time="0.001"/>
  <testcase name="getInvalidCodeErrorChallenge" classname="rhsso.authenticator.challenge.AuthCodeChallengeTest" time="0.001"/>
  <testcase name="saveChallenge" classname="rhsso.authenticator.challenge.AuthCodeChallengeTest" time="0.001"/>
  <testcase name="getExpiredErrorChallenge" classname="rhsso.authenticator.challenge.AuthCodeChallengeTest" time="0.001"/>
  <testcase name="instance" classname="rhsso.authenticator.challenge.AuthCodeChallengeTest" time="0.001"/>
  <testcase name="codeExpiredChallenge" classname="rhsso.authenticator.challenge.AuthCodeChallengeTest" time="0"/>
</testsuite>